<?xml version="1.0" encoding="UTF-8"?>
<testng-results skipped="0" failed="0" ignored="0" total="1" passed="1">
  <reporter-output>
  </reporter-output>
  <suite name="Default suite" duration-ms="26179" started-at="2019-09-13T12:11:08Z" finished-at="2019-09-13T12:11:34Z">
    <groups>
    </groups>
    <test name="Default test" duration-ms="26179" started-at="2019-09-13T12:11:08Z" finished-at="2019-09-13T12:11:34Z">
      <class name="seleniuminteractions.Frames">
        <test-method status="PASS" signature="login()[pri:0, instance:seleniuminteractions.Frames@a67c67e]" name="login" duration-ms="26135" started-at="2019-09-13T12:11:08Z" finished-at="2019-09-13T12:11:34Z">
          <reporter-output>
          </reporter-output>
        </test-method> <!-- login -->
      </class> <!-- seleniuminteractions.Frames -->
    </test> <!-- Default test -->
  </suite> <!-- Default suite -->
</testng-results>
